<?xml version="1.0" encoding="UTF-8"?>
<!-- Generated by org.testng.reporters.JUnitXMLReporter -->
<testsuite ignored="0" hostname="DESKTOP-21FS6LV" failures="0" tests="10" name="Default test" time="105.247" errors="0" timestamp="2026-04-06T19:26:43 IST">
  <testcase classname="com.rotur.test.RoturLogin" name="testLogin" time="2.2"/>
  <testcase classname="com.rotur.test.RoturLogin" name="testLogin" time="1.202"/>
  <testcase classname="com.rotur.test.RoturLogin" name="testLogin" time="1.563"/>
  <testcase classname="com.rotur.test.RoturLogin" name="testLogin" time="1.845"/>
  <testcase classname="com.rotur.test.RoturLogin" name="testLogin" time="1.57"/>
  <testcase classname="com.rotur.test.RoturLogin" name="testLogin" time="1.567"/>
  <testcase classname="com.rotur.test.RoturLogin" name="testLogin" time="1.506"/>
  <testcase classname="com.rotur.test.RoturLogin" name="testLogin" time="16.235"/>
  <testcase classname="com.rotur.test.RoturLogin" name="testLogin" time="16.201"/>
  <testcase classname="com.rotur.test.RoturLogin" name="testLogin" time="16.285"/>
</testsuite> <!-- Default test -->
