<?xml version="1.0" encoding="UTF-8"?>
<!-- Generated by org.testng.reporters.JUnitReportReporter -->
<testsuite hostname="DESKTOP-21FS6LV" failures="0" tests="10" name="com.rotur.test.RoturLogin" time="104.948" errors="0" timestamp="2026-04-06T19:26:43 IST" skipped="0">
  <testcase classname="com.rotur.test.RoturLogin" name="testLogin" time="5.253"/>
  <testcase classname="com.rotur.test.RoturLogin" name="testLogin" time="6.121"/>
  <testcase classname="com.rotur.test.RoturLogin" name="testLogin" time="21.193"/>
  <testcase classname="com.rotur.test.RoturLogin" name="testLogin" time="6.214"/>
  <testcase classname="com.rotur.test.RoturLogin" name="testLogin" time="6.226"/>
  <testcase classname="com.rotur.test.RoturLogin" name="testLogin" time="20.430"/>
  <testcase classname="com.rotur.test.RoturLogin" name="testLogin" time="7.566"/>
  <testcase classname="com.rotur.test.RoturLogin" name="testLogin" time="20.548"/>
  <testcase classname="com.rotur.test.RoturLogin" name="testLogin" time="6.048"/>
  <testcase classname="com.rotur.test.RoturLogin" name="testLogin" time="5.349"/>
</testsuite> <!-- com.rotur.test.RoturLogin -->
