<?xml version="1.0" encoding="UTF-8"?>
<testng-results ignored="0" total="10" passed="8" failed="2" skipped="0">
  <reporter-output>
  </reporter-output>
  <suite started-at="2026-04-04T22:58:39 IST" name="Default suite" finished-at="2026-04-04T22:59:58 IST" duration-ms="78714">
    <groups>
    </groups>
    <test started-at="2026-04-04T22:58:39 IST" name="Default test" finished-at="2026-04-04T22:59:58 IST" duration-ms="78714">
      <class name="com.rotur.test.RoturLogin">
        <test-method is-config="true" signature="setup()[pri:0, instance:com.rotur.test.RoturLogin@74f0ea28]" started-at="2026-04-04T22:58:39 IST" name="setup" finished-at="2026-04-04T22:58:41 IST" duration-ms="2249" status="PASS">
          <reporter-output>
          </reporter-output>
        </test-method> <!-- setup -->
        <test-method signature="testLogin(com.testData.LoginData)[pri:0, instance:com.rotur.test.RoturLogin@74f0ea28]" started-at="2026-04-04T22:58:41 IST" name="testLogin" data-provider="loginData" finished-at="2026-04-04T22:58:44 IST" duration-ms="2912" status="PASS">
          <params>
            <param index="0">
              <value>
                <![CDATA[com.testData.LoginData@49ef32e0]]>
              </value>
            </param>
          </params>
          <reporter-output>
          </reporter-output>
        </test-method> <!-- testLogin -->
        <test-method is-config="true" signature="tearDown()[pri:0, instance:com.rotur.test.RoturLogin@74f0ea28]" started-at="2026-04-04T22:58:44 IST" name="tearDown" finished-at="2026-04-04T22:58:46 IST" duration-ms="1780" status="PASS">
          <reporter-output>
          </reporter-output>
        </test-method> <!-- tearDown -->
        <test-method is-config="true" signature="setup()[pri:0, instance:com.rotur.test.RoturLogin@74f0ea28]" started-at="2026-04-04T22:58:46 IST" name="setup" finished-at="2026-04-04T22:58:48 IST" duration-ms="2042" status="PASS">
          <reporter-output>
          </reporter-output>
        </test-method> <!-- setup -->
        <test-method signature="testLogin(com.testData.LoginData)[pri:0, instance:com.rotur.test.RoturLogin@74f0ea28]" started-at="2026-04-04T22:58:48 IST" name="testLogin" data-provider="loginData" finished-at="2026-04-04T22:58:50 IST" duration-ms="2076" status="PASS">
          <params>
            <param index="0">
              <value>
                <![CDATA[com.testData.LoginData@127d7908]]>
              </value>
            </param>
          </params>
          <reporter-output>
          </reporter-output>
        </test-method> <!-- testLogin -->
        <test-method is-config="true" signature="tearDown()[pri:0, instance:com.rotur.test.RoturLogin@74f0ea28]" started-at="2026-04-04T22:58:50 IST" name="tearDown" finished-at="2026-04-04T22:58:50 IST" duration-ms="234" status="PASS">
          <reporter-output>
          </reporter-output>
        </test-method> <!-- tearDown -->
        <test-method is-config="true" signature="setup()[pri:0, instance:com.rotur.test.RoturLogin@74f0ea28]" started-at="2026-04-04T22:58:50 IST" name="setup" finished-at="2026-04-04T22:58:53 IST" duration-ms="2465" status="PASS">
          <reporter-output>
          </reporter-output>
        </test-method> <!-- setup -->
        <test-method signature="testLogin(com.testData.LoginData)[pri:0, instance:com.rotur.test.RoturLogin@74f0ea28]" started-at="2026-04-04T22:58:53 IST" name="testLogin" data-provider="loginData" finished-at="2026-04-04T22:59:09 IST" duration-ms="16449" status="FAIL">
          <params>
            <param index="0">
              <value>
                <![CDATA[com.testData.LoginData@749f539e]]>
              </value>
            </param>
          </params>
          <exception class="org.openqa.selenium.TimeoutException">
            <message>
              <![CDATA[Expected condition failed: waiting for visibility of element located by By.xpath: (//div[@class='text-xs text-red-600'])[2] (tried for 10 second(s) with 500 milliseconds interval)
Build info: version: '4.18.1', revision: 'b1d3319b48'
System info: os.name: 'Windows 11', os.arch: 'amd64', os.version: '10.0', java.version: '21.0.10'
Driver info: org.openqa.selenium.chrome.ChromeDriver
Capabilities {acceptInsecureCerts: false, browserName: chrome, browserVersion: 146.0.7680.178, chrome: {chromedriverVersion: 146.0.7680.165 (4b989da09e1..., userDataDir: C:\Users\BINDES~1\AppData\L...}, fedcm:accounts: true, goog:chromeOptions: {debuggerAddress: localhost:49862}, goog:processID: 11536, networkConnectionEnabled: false, pageLoadStrategy: normal, platformName: windows, proxy: Proxy(), se:cdp: ws://localhost:49862/devtoo..., se:cdpVersion: 146.0.7680.178, setWindowRect: true, strictFileInteractability: false, timeouts: {implicit: 0, pageLoad: 300000, script: 30000}, unhandledPromptBehavior: dismiss and notify, webauthn:extension:credBlob: true, webauthn:extension:largeBlob: true, webauthn:extension:minPinLength: true, webauthn:extension:prf: true, webauthn:virtualAuthenticators: true}
Session ID: 1f3e8538ea7be7637a255e8796f58d23]]>
            </message>
            <full-stacktrace>
              <![CDATA[org.openqa.selenium.TimeoutException: Expected condition failed: waiting for visibility of element located by By.xpath: (//div[@class='text-xs text-red-600'])[2] (tried for 10 second(s) with 500 milliseconds interval)
Build info: version: '4.18.1', revision: 'b1d3319b48'
System info: os.name: 'Windows 11', os.arch: 'amd64', os.version: '10.0', java.version: '21.0.10'
Driver info: org.openqa.selenium.chrome.ChromeDriver
Capabilities {acceptInsecureCerts: false, browserName: chrome, browserVersion: 146.0.7680.178, chrome: {chromedriverVersion: 146.0.7680.165 (4b989da09e1..., userDataDir: C:\Users\BINDES~1\AppData\L...}, fedcm:accounts: true, goog:chromeOptions: {debuggerAddress: localhost:49862}, goog:processID: 11536, networkConnectionEnabled: false, pageLoadStrategy: normal, platformName: windows, proxy: Proxy(), se:cdp: ws://localhost:49862/devtoo..., se:cdpVersion: 146.0.7680.178, setWindowRect: true, strictFileInteractability: false, timeouts: {implicit: 0, pageLoad: 300000, script: 30000}, unhandledPromptBehavior: dismiss and notify, webauthn:extension:credBlob: true, webauthn:extension:largeBlob: true, webauthn:extension:minPinLength: true, webauthn:extension:prf: true, webauthn:virtualAuthenticators: true}
Session ID: 1f3e8538ea7be7637a255e8796f58d23
at org.openqa.selenium.support.ui.WebDriverWait.timeoutException(WebDriverWait.java:84)
at org.openqa.selenium.support.ui.FluentWait.until(FluentWait.java:228)
at com.utils.WaitUtils.WaitForVisibility(WaitUtils.java:23)
at com.rotur.pages.LoginPage.getPasswordErrMsg(LoginPage.java:57)
at com.rotur.test.RoturLogin.testLogin(RoturLogin.java:49)
at java.base/jdk.internal.reflect.DirectMethodHandleAccessor.invoke(DirectMethodHandleAccessor.java:103)
at java.base/java.lang.reflect.Method.invoke(Method.java:580)
at org.testng.internal.invokers.MethodInvocationHelper.invokeMethod(MethodInvocationHelper.java:139)
at org.testng.internal.invokers.TestInvoker.invokeMethod(TestInvoker.java:664)
at org.testng.internal.invokers.TestInvoker.invokeTestMethod(TestInvoker.java:228)
at org.testng.internal.invokers.MethodRunner.runInSequence(MethodRunner.java:63)
at org.testng.internal.invokers.TestInvoker$MethodInvocationAgent.invoke(TestInvoker.java:961)
at org.testng.internal.invokers.TestInvoker.invokeTestMethods(TestInvoker.java:201)
at org.testng.internal.invokers.TestMethodWorker.invokeTestMethods(TestMethodWorker.java:148)
at org.testng.internal.invokers.TestMethodWorker.run(TestMethodWorker.java:128)
at java.base/java.util.ArrayList.forEach(ArrayList.java:1596)
at org.testng.TestRunner.privateRun(TestRunner.java:819)
at org.testng.TestRunner.run(TestRunner.java:619)
at org.testng.SuiteRunner.runTest(SuiteRunner.java:443)
at org.testng.SuiteRunner.runSequentially(SuiteRunner.java:437)
at org.testng.SuiteRunner.privateRun(SuiteRunner.java:397)
at org.testng.SuiteRunner.run(SuiteRunner.java:336)
at org.testng.SuiteRunnerWorker.runSuite(SuiteRunnerWorker.java:52)
at org.testng.SuiteRunnerWorker.run(SuiteRunnerWorker.java:95)
at org.testng.TestNG.runSuitesSequentially(TestNG.java:1301)
at org.testng.TestNG.runSuitesLocally(TestNG.java:1228)
at org.testng.TestNG.runSuites(TestNG.java:1134)
at org.testng.TestNG.run(TestNG.java:1101)
at org.testng.remote.AbstractRemoteTestNG.run(AbstractRemoteTestNG.java:115)
at org.testng.remote.RemoteTestNG.initAndRun(RemoteTestNG.java:293)
at org.testng.remote.RemoteTestNG.main(RemoteTestNG.java:91)
]]>
            </full-stacktrace>
          </exception> <!-- org.openqa.selenium.TimeoutException -->
          <reporter-output>
          </reporter-output>
        </test-method> <!-- testLogin -->
        <test-method is-config="true" signature="tearDown()[pri:0, instance:com.rotur.test.RoturLogin@74f0ea28]" started-at="2026-04-04T22:59:09 IST" name="tearDown" finished-at="2026-04-04T22:59:10 IST" duration-ms="707" status="PASS">
          <reporter-output>
          </reporter-output>
        </test-method> <!-- tearDown -->
        <test-method is-config="true" signature="setup()[pri:0, instance:com.rotur.test.RoturLogin@74f0ea28]" started-at="2026-04-04T22:59:10 IST" name="setup" finished-at="2026-04-04T22:59:13 IST" duration-ms="3240" status="PASS">
          <reporter-output>
          </reporter-output>
        </test-method> <!-- setup -->
        <test-method signature="testLogin(com.testData.LoginData)[pri:0, instance:com.rotur.test.RoturLogin@74f0ea28]" started-at="2026-04-04T22:59:13 IST" name="testLogin" data-provider="loginData" finished-at="2026-04-04T22:59:14 IST" duration-ms="490" status="PASS">
          <params>
            <param index="0">
              <value>
                <![CDATA[com.testData.LoginData@796065aa]]>
              </value>
            </param>
          </params>
          <reporter-output>
          </reporter-output>
        </test-method> <!-- testLogin -->
        <test-method is-config="true" signature="tearDown()[pri:0, instance:com.rotur.test.RoturLogin@74f0ea28]" started-at="2026-04-04T22:59:14 IST" name="tearDown" finished-at="2026-04-04T22:59:14 IST" duration-ms="349" status="PASS">
          <reporter-output>
          </reporter-output>
        </test-method> <!-- tearDown -->
        <test-method is-config="true" signature="setup()[pri:0, instance:com.rotur.test.RoturLogin@74f0ea28]" started-at="2026-04-04T22:59:14 IST" name="setup" finished-at="2026-04-04T22:59:16 IST" duration-ms="2394" status="PASS">
          <reporter-output>
          </reporter-output>
        </test-method> <!-- setup -->
        <test-method signature="testLogin(com.testData.LoginData)[pri:0, instance:com.rotur.test.RoturLogin@74f0ea28]" started-at="2026-04-04T22:59:16 IST" name="testLogin" data-provider="loginData" finished-at="2026-04-04T22:59:21 IST" duration-ms="4093" status="PASS">
          <params>
            <param index="0">
              <value>
                <![CDATA[com.testData.LoginData@76c548f]]>
              </value>
            </param>
          </params>
          <reporter-output>
          </reporter-output>
        </test-method> <!-- testLogin -->
        <test-method is-config="true" signature="tearDown()[pri:0, instance:com.rotur.test.RoturLogin@74f0ea28]" started-at="2026-04-04T22:59:21 IST" name="tearDown" finished-at="2026-04-04T22:59:21 IST" duration-ms="233" status="PASS">
          <reporter-output>
          </reporter-output>
        </test-method> <!-- tearDown -->
        <test-method is-config="true" signature="setup()[pri:0, instance:com.rotur.test.RoturLogin@74f0ea28]" started-at="2026-04-04T22:59:21 IST" name="setup" finished-at="2026-04-04T22:59:24 IST" duration-ms="3380" status="PASS">
          <reporter-output>
          </reporter-output>
        </test-method> <!-- setup -->
        <test-method signature="testLogin(com.testData.LoginData)[pri:0, instance:com.rotur.test.RoturLogin@74f0ea28]" started-at="2026-04-04T22:59:24 IST" name="testLogin" data-provider="loginData" finished-at="2026-04-04T22:59:25 IST" duration-ms="1191" status="PASS">
          <params>
            <param index="0">
              <value>
                <![CDATA[com.testData.LoginData@6ffa56fa]]>
              </value>
            </param>
          </params>
          <reporter-output>
          </reporter-output>
        </test-method> <!-- testLogin -->
        <test-method is-config="true" signature="tearDown()[pri:0, instance:com.rotur.test.RoturLogin@74f0ea28]" started-at="2026-04-04T22:59:25 IST" name="tearDown" finished-at="2026-04-04T22:59:26 IST" duration-ms="200" status="PASS">
          <reporter-output>
          </reporter-output>
        </test-method> <!-- tearDown -->
        <test-method is-config="true" signature="setup()[pri:0, instance:com.rotur.test.RoturLogin@74f0ea28]" started-at="2026-04-04T22:59:26 IST" name="setup" finished-at="2026-04-04T22:59:28 IST" duration-ms="2284" status="PASS">
          <reporter-output>
          </reporter-output>
        </test-method> <!-- setup -->
        <test-method signature="testLogin(com.testData.LoginData)[pri:0, instance:com.rotur.test.RoturLogin@74f0ea28]" started-at="2026-04-04T22:59:28 IST" name="testLogin" data-provider="loginData" finished-at="2026-04-04T22:59:28 IST" duration-ms="589" status="PASS">
          <params>
            <param index="0">
              <value>
                <![CDATA[com.testData.LoginData@11f406f8]]>
              </value>
            </param>
          </params>
          <reporter-output>
          </reporter-output>
        </test-method> <!-- testLogin -->
        <test-method is-config="true" signature="tearDown()[pri:0, instance:com.rotur.test.RoturLogin@74f0ea28]" started-at="2026-04-04T22:59:28 IST" name="tearDown" finished-at="2026-04-04T22:59:29 IST" duration-ms="183" status="PASS">
          <reporter-output>
          </reporter-output>
        </test-method> <!-- tearDown -->
        <test-method is-config="true" signature="setup()[pri:0, instance:com.rotur.test.RoturLogin@74f0ea28]" started-at="2026-04-04T22:59:29 IST" name="setup" finished-at="2026-04-04T22:59:31 IST" duration-ms="2514" status="PASS">
          <reporter-output>
          </reporter-output>
        </test-method> <!-- setup -->
        <test-method signature="testLogin(com.testData.LoginData)[pri:0, instance:com.rotur.test.RoturLogin@74f0ea28]" started-at="2026-04-04T22:59:31 IST" name="testLogin" data-provider="loginData" finished-at="2026-04-04T22:59:32 IST" duration-ms="796" status="PASS">
          <params>
            <param index="0">
              <value>
                <![CDATA[com.testData.LoginData@56da7487]]>
              </value>
            </param>
          </params>
          <reporter-output>
          </reporter-output>
        </test-method> <!-- testLogin -->
        <test-method is-config="true" signature="tearDown()[pri:0, instance:com.rotur.test.RoturLogin@74f0ea28]" started-at="2026-04-04T22:59:32 IST" name="tearDown" finished-at="2026-04-04T22:59:32 IST" duration-ms="149" status="PASS">
          <reporter-output>
          </reporter-output>
        </test-method> <!-- tearDown -->
        <test-method is-config="true" signature="setup()[pri:0, instance:com.rotur.test.RoturLogin@74f0ea28]" started-at="2026-04-04T22:59:32 IST" name="setup" finished-at="2026-04-04T22:59:35 IST" duration-ms="2511" status="PASS">
          <reporter-output>
          </reporter-output>
        </test-method> <!-- setup -->
        <test-method signature="testLogin(com.testData.LoginData)[pri:0, instance:com.rotur.test.RoturLogin@74f0ea28]" started-at="2026-04-04T22:59:35 IST" name="testLogin" data-provider="loginData" finished-at="2026-04-04T22:59:37 IST" duration-ms="2573" status="PASS">
          <params>
            <param index="0">
              <value>
                <![CDATA[com.testData.LoginData@3fba233d]]>
              </value>
            </param>
          </params>
          <reporter-output>
          </reporter-output>
        </test-method> <!-- testLogin -->
        <test-method is-config="true" signature="tearDown()[pri:0, instance:com.rotur.test.RoturLogin@74f0ea28]" started-at="2026-04-04T22:59:37 IST" name="tearDown" finished-at="2026-04-04T22:59:37 IST" duration-ms="176" status="PASS">
          <reporter-output>
          </reporter-output>
        </test-method> <!-- tearDown -->
        <test-method is-config="true" signature="setup()[pri:0, instance:com.rotur.test.RoturLogin@74f0ea28]" started-at="2026-04-04T22:59:37 IST" name="setup" finished-at="2026-04-04T22:59:40 IST" duration-ms="2943" status="PASS">
          <reporter-output>
          </reporter-output>
        </test-method> <!-- setup -->
        <test-method signature="testLogin(com.testData.LoginData)[pri:0, instance:com.rotur.test.RoturLogin@74f0ea28]" started-at="2026-04-04T22:59:40 IST" name="testLogin" data-provider="loginData" finished-at="2026-04-04T22:59:56 IST" duration-ms="15467" status="FAIL">
          <params>
            <param index="0">
              <value>
                <![CDATA[com.testData.LoginData@2e3572e8]]>
              </value>
            </param>
          </params>
          <exception class="org.openqa.selenium.TimeoutException">
            <message>
              <![CDATA[Expected condition failed: waiting for visibility of element located by By.xpath: (//div[@class='text-xs text-red-600'])[2] (tried for 10 second(s) with 500 milliseconds interval)
Build info: version: '4.18.1', revision: 'b1d3319b48'
System info: os.name: 'Windows 11', os.arch: 'amd64', os.version: '10.0', java.version: '21.0.10'
Driver info: org.openqa.selenium.chrome.ChromeDriver
Capabilities {acceptInsecureCerts: false, browserName: chrome, browserVersion: 146.0.7680.178, chrome: {chromedriverVersion: 146.0.7680.165 (4b989da09e1..., userDataDir: C:\Users\BINDES~1\AppData\L...}, fedcm:accounts: true, goog:chromeOptions: {debuggerAddress: localhost:52350}, goog:processID: 25520, networkConnectionEnabled: false, pageLoadStrategy: normal, platformName: windows, proxy: Proxy(), se:cdp: ws://localhost:52350/devtoo..., se:cdpVersion: 146.0.7680.178, setWindowRect: true, strictFileInteractability: false, timeouts: {implicit: 0, pageLoad: 300000, script: 30000}, unhandledPromptBehavior: dismiss and notify, webauthn:extension:credBlob: true, webauthn:extension:largeBlob: true, webauthn:extension:minPinLength: true, webauthn:extension:prf: true, webauthn:virtualAuthenticators: true}
Session ID: fc8d402c195d8ba58d5da5aae9a56f9b]]>
            </message>
            <full-stacktrace>
              <![CDATA[org.openqa.selenium.TimeoutException: Expected condition failed: waiting for visibility of element located by By.xpath: (//div[@class='text-xs text-red-600'])[2] (tried for 10 second(s) with 500 milliseconds interval)
Build info: version: '4.18.1', revision: 'b1d3319b48'
System info: os.name: 'Windows 11', os.arch: 'amd64', os.version: '10.0', java.version: '21.0.10'
Driver info: org.openqa.selenium.chrome.ChromeDriver
Capabilities {acceptInsecureCerts: false, browserName: chrome, browserVersion: 146.0.7680.178, chrome: {chromedriverVersion: 146.0.7680.165 (4b989da09e1..., userDataDir: C:\Users\BINDES~1\AppData\L...}, fedcm:accounts: true, goog:chromeOptions: {debuggerAddress: localhost:52350}, goog:processID: 25520, networkConnectionEnabled: false, pageLoadStrategy: normal, platformName: windows, proxy: Proxy(), se:cdp: ws://localhost:52350/devtoo..., se:cdpVersion: 146.0.7680.178, setWindowRect: true, strictFileInteractability: false, timeouts: {implicit: 0, pageLoad: 300000, script: 30000}, unhandledPromptBehavior: dismiss and notify, webauthn:extension:credBlob: true, webauthn:extension:largeBlob: true, webauthn:extension:minPinLength: true, webauthn:extension:prf: true, webauthn:virtualAuthenticators: true}
Session ID: fc8d402c195d8ba58d5da5aae9a56f9b
at org.openqa.selenium.support.ui.WebDriverWait.timeoutException(WebDriverWait.java:84)
at org.openqa.selenium.support.ui.FluentWait.until(FluentWait.java:228)
at com.utils.WaitUtils.WaitForVisibility(WaitUtils.java:23)
at com.rotur.pages.LoginPage.getPasswordErrMsg(LoginPage.java:57)
at com.rotur.test.RoturLogin.testLogin(RoturLogin.java:49)
at java.base/jdk.internal.reflect.DirectMethodHandleAccessor.invoke(DirectMethodHandleAccessor.java:103)
at java.base/java.lang.reflect.Method.invoke(Method.java:580)
at org.testng.internal.invokers.MethodInvocationHelper.invokeMethod(MethodInvocationHelper.java:139)
at org.testng.internal.invokers.TestInvoker.invokeMethod(TestInvoker.java:664)
at org.testng.internal.invokers.TestInvoker.invokeTestMethod(TestInvoker.java:228)
at org.testng.internal.invokers.MethodRunner.runInSequence(MethodRunner.java:63)
at org.testng.internal.invokers.TestInvoker$MethodInvocationAgent.invoke(TestInvoker.java:961)
at org.testng.internal.invokers.TestInvoker.invokeTestMethods(TestInvoker.java:201)
at org.testng.internal.invokers.TestMethodWorker.invokeTestMethods(TestMethodWorker.java:148)
at org.testng.internal.invokers.TestMethodWorker.run(TestMethodWorker.java:128)
at java.base/java.util.ArrayList.forEach(ArrayList.java:1596)
at org.testng.TestRunner.privateRun(TestRunner.java:819)
at org.testng.TestRunner.run(TestRunner.java:619)
at org.testng.SuiteRunner.runTest(SuiteRunner.java:443)
at org.testng.SuiteRunner.runSequentially(SuiteRunner.java:437)
at org.testng.SuiteRunner.privateRun(SuiteRunner.java:397)
at org.testng.SuiteRunner.run(SuiteRunner.java:336)
at org.testng.SuiteRunnerWorker.runSuite(SuiteRunnerWorker.java:52)
at org.testng.SuiteRunnerWorker.run(SuiteRunnerWorker.java:95)
at org.testng.TestNG.runSuitesSequentially(TestNG.java:1301)
at org.testng.TestNG.runSuitesLocally(TestNG.java:1228)
at org.testng.TestNG.runSuites(TestNG.java:1134)
at org.testng.TestNG.run(TestNG.java:1101)
at org.testng.remote.AbstractRemoteTestNG.run(AbstractRemoteTestNG.java:115)
at org.testng.remote.RemoteTestNG.initAndRun(RemoteTestNG.java:293)
at org.testng.remote.RemoteTestNG.main(RemoteTestNG.java:91)
]]>
            </full-stacktrace>
          </exception> <!-- org.openqa.selenium.TimeoutException -->
          <reporter-output>
          </reporter-output>
        </test-method> <!-- testLogin -->
        <test-method is-config="true" signature="tearDown()[pri:0, instance:com.rotur.test.RoturLogin@74f0ea28]" started-at="2026-04-04T22:59:56 IST" name="tearDown" finished-at="2026-04-04T22:59:58 IST" duration-ms="1774" status="PASS">
          <reporter-output>
          </reporter-output>
        </test-method> <!-- tearDown -->
      </class> <!-- com.rotur.test.RoturLogin -->
    </test> <!-- Default test -->
  </suite> <!-- Default suite -->
</testng-results>
